[mod3 (homebrewed)]$ module purge
[mod3 (homebrewed)]$ module load foo

**** ERROR *****:
foo/2.4 does not appear to be built for compiler gcc/8.2.0 and MPI nompi
Please select a different openmpi version or different compiler/MPI library combination.


[mod3 (homebrewed)]$ module list
No Modulefiles Currently Loaded.
[mod3 (homebrewed)]$ module purge
[mod3 (homebrewed)]$ module load foo/1.1
[mod3 (homebrewed)]$ module list
Currently Loaded Modulefiles:
  1) gcc/8.2.0   2) foo/1.1
[mod3 (homebrewed)]$ module purge
[mod3 (homebrewed)]$ module load pgi/18.4
[mod3 (homebrewed)]$ module load foo

**** ERROR *****:
foo/2.4 does not appear to be built for compiler pgi/18.4 and MPI nompi
Please select a different openmpi version or different compiler/MPI library combination.


[mod3 (homebrewed)]$ module list
Currently Loaded Modulefiles:
  1) pgi/18.4
