mod4.3.1 (modulepath)> module purge
mod4.3.1 (modulepath)> module load gcc/9.1.0
mod4.3.1 (modulepath)> module load bar/5.4/avx2
mod4.3.1 (modulepath)> module list
Currently Loaded Modulefiles:
 1) gcc/9.1.0   2) bar/5.4/avx2  
mod4.3.1 (modulepath)> bar
This is fake bar 5.4 (gcc/9.1.0, avx2)
mod4.3.1 (modulepath)> module unload bar
mod4.3.1 (modulepath)> module load bar/5.4/avx
mod4.3.1 (modulepath)> module list
Currently Loaded Modulefiles:
 1) gcc/9.1.0   2) bar/5.4/avx(default)  
mod4.3.1 (modulepath)> bar
This is fake bar 5.4 (gcc/9.1.0, avx)
mod4.3.1 (modulepath)> module unload bar
mod4.3.1 (modulepath)> module load bar/5.4/sse4.1
ERROR: Unable to locate a modulefile for 'bar/5.4/sse4.1'
mod4.3.1 (modulepath)> module list
Currently Loaded Modulefiles:
 1) gcc/9.1.0  
