[mod4 (homebrewed)]$ module purge
[mod4 (homebrewed)]$ module load foo

**** ERROR *****:
foo/2.4 does not appear to be built for compiler gcc/8.2.0 and MPI nompi
Please select a different openmpi version or different compiler/MPI library combination.


Loading foo/2.4
  ERROR: Module evaluation aborted
[mod4 (homebrewed)]$ module list
No Modulefiles Currently Loaded.
[mod4 (homebrewed)]$ module purge
[mod4 (homebrewed)]$ module load foo/1.1
Loading foo/1.1
  Loading requirement: gcc/8.2.0
[mod4 (homebrewed)]$ module list
Currently Loaded Modulefiles:
 1) gcc/8.2.0   2) foo/1.1
[mod4 (homebrewed)]$ foo
foo 1.1 (gcc/8.2.0, nompi)
[mod4 (homebrewed)]$ module purge
[mod4 (homebrewed)]$ module load pgi/18.4
[mod4 (homebrewed)]$ module load foo

**** ERROR *****:
foo/2.4 does not appear to be built for compiler pgi/18.4 and MPI nompi
Please select a different openmpi version or different compiler/MPI library combination.


Loading foo/2.4
  ERROR: Module evaluation aborted
[mod4 (homebrewed)]$ module list
Currently Loaded Modulefiles:
 1) pgi/18.4
